Base path: 'E:/UnityHub/Editor Versions/2019.4.13f1/Editor/Data', plugins path 'E:/UnityHub/Editor Versions/2019.4.13f1/Editor/Data/PlaybackEngines'
Cmd: initializeCompiler
Cmd: compileSnippet
  api=4 type=1 insize=1073 outsize=1354 kw=_OUTLINE_POS _IS_OUTLINE_CLIPPING_NO pd=UNITY_ENABLE_REFLECTION_BUFFERS UNITY_USE_DITHER_MASK_FOR_ALPHABLENDED_SHADOWS UNITY_PBS_USE_BRDF1 UNITY_SPECCUBE_BOX_PROJECTION UNITY_SPECCUBE_BLENDING UNITY_ENABLE_DETAIL_NORMALMAP SHADER_API_DESKTOP UNITY_LIGHT_PROBE_PROXY_VOLUME UNITY_LIGHTMAP_FULL_HDR ok=1
Cmd: compileComputeKernel
  api=18 insize=21596 outsize=133410 ok=1
Cmd: compileComputeKernel
  api=18 insize=9615 outsize=21833 ok=1
Cmd: compileComputeKernel
  api=18 insize=9809 outsize=22546 ok=1
Cmd: compileComputeKernel
  api=18 insize=9809 outsize=23262 ok=1
Cmd: compileComputeKernel
  api=18 insize=22438 outsize=94577 ok=1
Cmd: compileComputeKernel
  api=18 insize=17994 outsize=41242 ok=1
Cmd: compileComputeKernel
  api=18 insize=4823 outsize=18178 ok=1
Cmd: compileComputeKernel
  api=18 insize=4823 outsize=2607 ok=1
Cmd: compileComputeKernel
  api=18 insize=3255 outsize=23212 ok=1
Cmd: compileComputeKernel
  api=18 insize=3111 outsize=11720 ok=1
Cmd: compileComputeKernel
  api=18 insize=40264 outsize=190672 ok=1
Cmd: compileComputeKernel
  api=18 insize=40264 outsize=181525 ok=1
Cmd: compileComputeKernel
  api=18 insize=3450 outsize=12140 ok=1
Cmd: compileComputeKernel
  api=18 insize=22295 outsize=61262 ok=1
Cmd: compileComputeKernel
  api=18 insize=9735 outsize=34821 ok=1
Cmd: compileComputeKernel
  api=18 insize=8233 outsize=829 ok=1
Cmd: compileComputeKernel
  api=18 insize=6119 outsize=18338 ok=1
Cmd: compileComputeKernel
  api=18 insize=6745 outsize=4926 ok=1
Cmd: compileComputeKernel
  api=18 insize=6745 outsize=12702 ok=1
Cmd: compileComputeKernel
  api=18 insize=6745 outsize=3852 ok=1
Cmd: compileComputeKernel
  api=18 insize=8512 outsize=7360 ok=1
Cmd: compileComputeKernel
  api=18 insize=9103 outsize=10507 ok=1
Cmd: compileComputeKernel
  api=18 insize=26542 outsize=50847 ok=1
Cmd: compileComputeKernel
  api=18 insize=26542 outsize=58779 ok=1
Cmd: compileComputeKernel
  api=18 insize=16295 outsize=78775 ok=1
Cmd: compileComputeKernel
  api=18 insize=16295 outsize=142391 ok=1
Cmd: compileComputeKernel
  api=18 insize=16295 outsize=194778 ok=1
Cmd: compileComputeKernel
  api=18 insize=16295 outsize=224294 ok=1
Cmd: compileComputeKernel
  api=18 insize=16295 outsize=149100 ok=1
Cmd: compileComputeKernel
  api=18 insize=16295 outsize=207577 ok=1
Cmd: compileComputeKernel
  api=18 insize=16295 outsize=217097 ok=1
Cmd: compileComputeKernel
  api=18 insize=16295 outsize=311286 ok=1
Cmd: compileComputeKernel
  api=18 insize=16295 outsize=236090 ok=1
Cmd: compileComputeKernel
  api=18 insize=16295 outsize=229178 ok=1
Cmd: compileComputeKernel
  api=18 insize=3697 outsize=17363 ok=1
Cmd: compileComputeKernel
  api=18 insize=12177 outsize=3577 ok=1
Cmd: compileComputeKernel
  api=18 insize=11069 outsize=42618 ok=1
Cmd: compileComputeKernel
  api=18 insize=7589 outsize=4933 ok=1
Cmd: compileComputeKernel
  api=18 insize=13959 outsize=15034 ok=1
Cmd: compileComputeKernel
  api=18 insize=1165 outsize=4403 ok=1
Cmd: compileSnippet
  api=4 type=0 insize=8987 outsize=1874 kw=DECALS_3RT SHADOW_MEDIUM USE_CLUSTERED_LIGHTLIST DEBUG_DISPLAY pd=UNITY_ENABLE_REFLECTION_BUFFERS UNITY_USE_DITHER_MASK_FOR_ALPHABLENDED_SHADOWS UNITY_PBS_USE_BRDF1 UNITY_SPECCUBE_BOX_PROJECTION UNITY_SPECCUBE_BLENDING UNITY_ENABLE_DETAIL_NORMALMAP SHADER_API_DESKTOP UNITY_LIGHT_PROBE_PROXY_VOLUME UNITY_LIGHTMAP_FULL_HDR ok=1
